<!DOCTYPE html PUBLIC "-//W3C//DTD XHTML 1.1//EN" "https://www.w3.org/TR/xhtml11/DTD/xhtml11.dtd">
<html xmlns="https://www.w3.org/1999/xhtml">
<head>
<meta http-equiv="content-type" content="text/html; charset=UTF-8"/>
<title>TestNG Report</title>
<style type="text/css">table {margin-bottom:10px;border-collapse:collapse;empty-cells:show}th,td {border:1px solid #009;padding:.25em .5em}th {vertical-align:bottom}td {vertical-align:top}table a {font-weight:bold}.stripe td {background-color: #E6EBF9}.num {text-align:right}.passedodd td {background-color: #3F3}.passedeven td {background-color: #0A0}.skippedodd td {background-color: #DDD}.skippedeven td {background-color: #CCC}.failedodd td,.attn {background-color: #F33}.failedeven td,.stripe .attn {background-color: #D00}.stacktrace {white-space:pre;font-family:monospace}.totop {font-size:85%;text-align:center;border-bottom:2px solid #000}.invisible {display:none}</style>
</head>
<body>
<table>
<tr><th>Test</th><th># Passed</th><th># Skipped</th><th># Retried</th><th># Failed</th><th>Time (ms)</th><th>Included Groups</th><th>Excluded Groups</th></tr>
<tr><th colspan="8">Suite</th></tr>
<tr><td><a href="#t0">Test</a></td><td class="num">26</td><td class="num">0</td><td class="num">0</td><td class="num attn">7</td><td class="num">208,361</td><td></td><td></td></tr>
</table>
<table id='summary'><thead><tr><th>Class</th><th>Method</th><th>Start</th><th>Time (ms)</th></tr></thead><tbody><tr><th colspan="4">Suite</th></tr></tbody><tbody id="t0"><tr><th colspan="4">Test &#8212; failed</th></tr><tr class="failedeven"><td rowspan="1">com.AssertJ.AssertDemo</td><td><a href="#m0">customClassTest</a></td><td rowspan="1">1656234165017</td><td rowspan="1">5</td></tr><tr class="failedodd"><td rowspan="1">com.listeners.Runner</td><td><a href="#m1">test2</a></td><td rowspan="1">1656234164966</td><td rowspan="1">21</td></tr><tr class="failedeven"><td rowspan="2">com.pageFactory.Runner</td><td><a href="#m2">test</a></td><td rowspan="1">1656234179622</td><td rowspan="1">110800</td></tr><tr class="failedeven"><td><a href="#m3">test2</a></td><td rowspan="1">1656234179622</td><td rowspan="1">110878</td></tr><tr class="failedodd"><td rowspan="1">com.tmb.tests.ExampleTest</td><td><a href="#m4">SeleniumTest1</a></td><td rowspan="1">1656234225917</td><td rowspan="1">54160</td></tr><tr class="failedeven"><td rowspan="1">com.tmb.tests.HomepageTests</td><td><a href="#m5">Test2</a></td><td rowspan="1">1656234317830</td><td rowspan="1">21338</td></tr><tr class="failedodd"><td rowspan="1">com.tmb.tests.LoginPageTestBasic</td><td><a href="#m6">Test2</a></td><td rowspan="1">1656234355398</td><td rowspan="1">17293</td></tr><tr><th colspan="4">Test &#8212; passed</th></tr><tr class="passedeven"><td rowspan="2">com.AssertJ.AssertDemo</td><td><a href="#m7">numbersTest</a></td><td rowspan="1">1656234165032</td><td rowspan="1">598</td></tr><tr class="passedeven"><td><a href="#m8">stringTest</a></td><td rowspan="1">1656234165701</td><td rowspan="1">45</td></tr><tr class="passedodd"><td rowspan="1">com.AssertJ.AssertJSoftAssertions</td><td><a href="#m9">assertBDDStyleTest</a></td><td rowspan="1">1656234166227</td><td rowspan="1">8</td></tr><tr class="passedeven"><td rowspan="1">com.AssertJ.AssertJodaDemo</td><td><a href="#m10">dateTimeTest</a></td><td rowspan="1">1656234165751</td><td rowspan="1">470</td></tr><tr class="passedodd"><td rowspan="2">com.dataprovider.latest.DataProviderDependencyInjection</td><td><a href="#m11">test1</a></td><td rowspan="2">1656234166252</td><td rowspan="2">4</td></tr><tr class="passedodd"><td><a href="#m12">test1</a></td></tr><tr class="passedeven"><td rowspan="2">com.dataprovider.latest.DataProviderTest</td><td><a href="#m13">test1</a></td><td rowspan="2">1656234166319</td><td rowspan="2">3</td></tr><tr class="passedeven"><td><a href="#m14">test1</a></td></tr><tr class="passedodd"><td rowspan="5">com.dataprovider.latest.DataProviderTest2</td><td><a href="#m15">test1</a></td><td rowspan="2">1656234166336</td><td rowspan="2">3</td></tr><tr class="passedodd"><td><a href="#m16">test1</a></td></tr><tr class="passedodd"><td><a href="#m17">test2</a></td><td rowspan="3">1656234166357</td><td rowspan="3">24</td></tr><tr class="passedodd"><td><a href="#m18">test2</a></td></tr><tr class="passedodd"><td><a href="#m19">test2</a></td></tr><tr class="passedeven"><td rowspan="3">com.dataprovider.latest.DataProviderWithExcel</td><td><a href="#m20">test</a></td><td rowspan="3">1656234170990</td><td rowspan="3">1</td></tr><tr class="passedeven"><td><a href="#m21">test</a></td></tr><tr class="passedeven"><td><a href="#m22">test</a></td></tr><tr class="passedodd"><td rowspan="2">com.dataprovider.latest.DataProviderWithJSON</td><td><a href="#m23">testDPWithJson</a></td><td rowspan="2">1656234192775</td><td rowspan="2">4</td></tr><tr class="passedodd"><td><a href="#m24">testDPWithJson</a></td></tr><tr class="passedeven"><td rowspan="1">com.extentReports.ExtentReportsDemo</td><td><a href="#m25">test</a></td><td rowspan="1">1656234164885</td><td rowspan="1">51484</td></tr><tr class="passedodd"><td rowspan="2">com.listeners.Runner</td><td><a href="#m26">test1</a></td><td rowspan="1">1656234164906</td><td rowspan="1">42</td></tr><tr class="passedodd"><td><a href="#m27">test3</a></td><td rowspan="1">1656234165003</td><td rowspan="1">5</td></tr><tr class="passedeven"><td rowspan="1">com.pageFactory.Runner</td><td><a href="#m28">test1</a></td><td rowspan="1">1656234179622</td><td rowspan="1">66484</td></tr><tr class="passedodd"><td rowspan="2">com.tmb.tests.ExampleTest</td><td><a href="#m29">SeleniumTest2</a></td><td rowspan="1">1656234225920</td><td rowspan="1">3</td></tr><tr class="passedodd"><td><a href="#m30">SeleniumTest3</a></td><td rowspan="1">1656234225927</td><td rowspan="1">4</td></tr><tr class="passedeven"><td rowspan="1">com.tmb.tests.LoginPageTest</td><td><a href="#m31">Test1</a></td><td rowspan="1">1656234356121</td><td rowspan="1">5746</td></tr><tr class="passedodd"><td rowspan="1">com.tmb.tests.LoginPageTestBasic</td><td><a href="#m32">Test1</a></td><td rowspan="1">1656234346761</td><td rowspan="1">9111</td></tr></tbody>
</table>
<h2>Test</h2><h3 id="m0">com.AssertJ.AssertDemo#customClassTest</h3><table class="result"><tr><th>Exception</th></tr><tr><td><div class="stacktrace">java.lang.AssertionError: expected [com.AssertJ.Employee@5d9526eb] but found [com.AssertJ.Employee@6d38e5b2]
	at com.AssertJ.AssertDemo.customClassTest(AssertDemo.java:104)
	at java.base/java.util.concurrent.ThreadPoolExecutor.runWorker(ThreadPoolExecutor.java:1130)
	at java.base/java.util.concurrent.ThreadPoolExecutor$Worker.run(ThreadPoolExecutor.java:630)
	at java.base/java.lang.Thread.run(Thread.java:832)
... Removed 17 stack frames</div></td></tr></table><p class="totop"><a href="#summary">back to summary</a></p>
<h3 id="m1">com.listeners.Runner#test2</h3><table class="result"><tr><th>Exception</th></tr><tr><td><div class="stacktrace">java.lang.AssertionError: expected [true] but found [false]
	at com.listeners.Runner.test2(Runner.java:29)
	at java.base/java.util.concurrent.ThreadPoolExecutor.runWorker(ThreadPoolExecutor.java:1130)
	at java.base/java.util.concurrent.ThreadPoolExecutor$Worker.run(ThreadPoolExecutor.java:630)
	at java.base/java.lang.Thread.run(Thread.java:832)
... Removed 16 stack frames</div></td></tr></table><p class="totop"><a href="#summary">back to summary</a></p>
<h3 id="m2">com.pageFactory.Runner#test</h3><table class="result"><tr><th>Exception</th></tr><tr><td><div class="stacktrace">org.openqa.selenium.NoSuchSessionException: invalid session id
Build info: version: &apos;3.141.59&apos;, revision: &apos;e82be7d358&apos;, time: &apos;2018-11-14T08:17:03&apos;
System info: host: &apos;SHRADDHA-PC&apos;, ip: &apos;192.168.29.116&apos;, os.name: &apos;Windows 7&apos;, os.arch: &apos;amd64&apos;, os.version: &apos;6.1&apos;, java.version: &apos;15.0.1&apos;
Driver info: org.openqa.selenium.chrome.ChromeDriver
Capabilities {acceptInsecureCerts: false, browserName: chrome, browserVersion: 102.0.5005.115, chrome: {chromedriverVersion: 102.0.5005.61 (0e59bcc00cc4..., userDataDir: C:\Users\SHRADD~1\AppData\L...}, goog:chromeOptions: {debuggerAddress: localhost:60543}, javascriptEnabled: true, networkConnectionEnabled: false, pageLoadStrategy: normal, platform: WINDOWS, platformName: WINDOWS, proxy: Proxy(), setWindowRect: true, strictFileInteractability: false, timeouts: {implicit: 0, pageLoad: 300000, script: 30000}, unhandledPromptBehavior: dismiss and notify, webauthn:extension:credBlob: true, webauthn:extension:largeBlob: true, webauthn:virtualAuthenticators: true}
	at org.openqa.selenium.remote.http.W3CHttpResponseCodec.createException(W3CHttpResponseCodec.java:187)
	at org.openqa.selenium.remote.http.W3CHttpResponseCodec.decode(W3CHttpResponseCodec.java:122)
	at org.openqa.selenium.remote.http.W3CHttpResponseCodec.decode(W3CHttpResponseCodec.java:49)
	at org.openqa.selenium.remote.HttpCommandExecutor.execute(HttpCommandExecutor.java:158)
	at org.openqa.selenium.remote.service.DriverCommandExecutor.execute(DriverCommandExecutor.java:83)
	at org.openqa.selenium.remote.RemoteWebDriver.execute(RemoteWebDriver.java:552)
	at org.openqa.selenium.remote.RemoteWebElement.execute(RemoteWebElement.java:285)
	at org.openqa.selenium.remote.RemoteWebElement.clear(RemoteWebElement.java:124)
	at org.openqa.selenium.support.pagefactory.internal.LocatingElementHandler.invoke(LocatingElementHandler.java:51)
	at com.sun.proxy.$Proxy20.clear(Unknown Source)
	at com.pageFactory.PageFactoryDemo.findElements10Times(PageFactoryDemo.java:24)
	at com.pageFactory.Runner.test(Runner.java:30)
	at java.base/java.util.concurrent.ThreadPoolExecutor.runWorker(ThreadPoolExecutor.java:1130)
	at java.base/java.util.concurrent.ThreadPoolExecutor$Worker.run(ThreadPoolExecutor.java:630)
	at java.base/java.lang.Thread.run(Thread.java:832)
... Removed 21 stack frames</div></td></tr></table><p class="totop"><a href="#summary">back to summary</a></p>
<h3 id="m3">com.pageFactory.Runner#test2</h3><table class="result"><tr><th>Exception</th></tr><tr><td><div class="stacktrace">org.openqa.selenium.NoSuchSessionException: invalid session id
Build info: version: &apos;3.141.59&apos;, revision: &apos;e82be7d358&apos;, time: &apos;2018-11-14T08:17:03&apos;
System info: host: &apos;SHRADDHA-PC&apos;, ip: &apos;192.168.29.116&apos;, os.name: &apos;Windows 7&apos;, os.arch: &apos;amd64&apos;, os.version: &apos;6.1&apos;, java.version: &apos;15.0.1&apos;
Driver info: org.openqa.selenium.chrome.ChromeDriver
Capabilities {acceptInsecureCerts: false, browserName: chrome, browserVersion: 102.0.5005.115, chrome: {chromedriverVersion: 102.0.5005.61 (0e59bcc00cc4..., userDataDir: C:\Users\SHRADD~1\AppData\L...}, goog:chromeOptions: {debuggerAddress: localhost:60543}, javascriptEnabled: true, networkConnectionEnabled: false, pageLoadStrategy: normal, platform: WINDOWS, platformName: WINDOWS, proxy: Proxy(), setWindowRect: true, strictFileInteractability: false, timeouts: {implicit: 0, pageLoad: 300000, script: 30000}, unhandledPromptBehavior: dismiss and notify, webauthn:extension:credBlob: true, webauthn:extension:largeBlob: true, webauthn:virtualAuthenticators: true}
*** Element info: {Using=name, value=q}
	at org.openqa.selenium.remote.http.W3CHttpResponseCodec.createException(W3CHttpResponseCodec.java:187)
	at org.openqa.selenium.remote.http.W3CHttpResponseCodec.decode(W3CHttpResponseCodec.java:122)
	at org.openqa.selenium.remote.http.W3CHttpResponseCodec.decode(W3CHttpResponseCodec.java:49)
	at org.openqa.selenium.remote.HttpCommandExecutor.execute(HttpCommandExecutor.java:158)
	at org.openqa.selenium.remote.service.DriverCommandExecutor.execute(DriverCommandExecutor.java:83)
	at org.openqa.selenium.remote.RemoteWebDriver.execute(RemoteWebDriver.java:552)
	at org.openqa.selenium.remote.RemoteWebDriver.findElement(RemoteWebDriver.java:323)
	at org.openqa.selenium.remote.RemoteWebDriver.findElementByName(RemoteWebDriver.java:404)
	at org.openqa.selenium.By$ByName.findElement(By.java:284)
	at org.openqa.selenium.remote.RemoteWebDriver.findElement(RemoteWebDriver.java:315)
	at com.pageFactory.IRecommendNoPageFactoryDemo.findElements10Times(IRecommendNoPageFactoryDemo.java:21)
	at com.pageFactory.Runner.test2(Runner.java:43)
	at java.base/java.util.concurrent.ThreadPoolExecutor.runWorker(ThreadPoolExecutor.java:1130)
	at java.base/java.util.concurrent.ThreadPoolExecutor$Worker.run(ThreadPoolExecutor.java:630)
	at java.base/java.lang.Thread.run(Thread.java:832)
... Removed 17 stack frames</div></td></tr></table><p class="totop"><a href="#summary">back to summary</a></p>
<h3 id="m4">com.tmb.tests.ExampleTest#SeleniumTest1</h3><table class="result"><tr><th>Exception</th></tr><tr><td><div class="stacktrace">java.lang.AssertionError: Test Failed expected [true] but found [false]
	at com.tmb.tests.ExampleTest.SeleniumTest1(ExampleTest.java:42)
	at java.base/java.util.concurrent.ThreadPoolExecutor.runWorker(ThreadPoolExecutor.java:1130)
	at java.base/java.util.concurrent.ThreadPoolExecutor$Worker.run(ThreadPoolExecutor.java:630)
	at java.base/java.lang.Thread.run(Thread.java:832)
... Removed 15 stack frames</div></td></tr></table><p class="totop"><a href="#summary">back to summary</a></p>
<h3 id="m5">com.tmb.tests.HomepageTests#Test2</h3><table class="result"><tr><th>Exception</th></tr><tr><td><div class="stacktrace">java.lang.AssertionError: expected [8] but found [13]
	at com.tmb.tests.HomepageTests.Test2(HomepageTests.java:49)
	at java.base/java.util.concurrent.ThreadPoolExecutor.runWorker(ThreadPoolExecutor.java:1130)
	at java.base/java.util.concurrent.ThreadPoolExecutor$Worker.run(ThreadPoolExecutor.java:630)
	at java.base/java.lang.Thread.run(Thread.java:832)
... Removed 18 stack frames</div></td></tr></table><p class="totop"><a href="#summary">back to summary</a></p>
<h3 id="m6">com.tmb.tests.LoginPageTestBasic#Test2</h3><table class="result"><tr><th>Exception</th></tr><tr><td><div class="stacktrace">org.openqa.selenium.WebDriverException: java.net.ConnectException: Failed to connect to localhost/127.0.0.1:6461
Build info: version: &apos;3.141.59&apos;, revision: &apos;e82be7d358&apos;, time: &apos;2018-11-14T08:17:03&apos;
System info: host: &apos;SHRADDHA-PC&apos;, ip: &apos;192.168.29.116&apos;, os.name: &apos;Windows 7&apos;, os.arch: &apos;amd64&apos;, os.version: &apos;6.1&apos;, java.version: &apos;15.0.1&apos;
Driver info: driver.version: RemoteWebDriver
	at org.openqa.selenium.remote.service.DriverCommandExecutor.execute(DriverCommandExecutor.java:92)
	at org.openqa.selenium.remote.RemoteWebDriver.execute(RemoteWebDriver.java:552)
	at org.openqa.selenium.remote.RemoteWebElement.execute(RemoteWebElement.java:285)
	at org.openqa.selenium.remote.RemoteWebElement.sendKeys(RemoteWebElement.java:106)
	at com.tmb.tests.LoginPageTestBasic.Test2(LoginPageTestBasic.java:48)
	at java.base/java.util.concurrent.ThreadPoolExecutor.runWorker(ThreadPoolExecutor.java:1130)
	at java.base/java.util.concurrent.ThreadPoolExecutor$Worker.run(ThreadPoolExecutor.java:630)
	at java.base/java.lang.Thread.run(Thread.java:832)
Caused by: java.net.ConnectException: Failed to connect to localhost/127.0.0.1:6461
	at okhttp3.internal.connection.RealConnection.connectSocket(RealConnection.java:247)
	at okhttp3.internal.connection.RealConnection.connect(RealConnection.java:165)
	at okhttp3.internal.connection.StreamAllocation.findConnection(StreamAllocation.java:257)
	at okhttp3.internal.connection.StreamAllocation.findHealthyConnection(StreamAllocation.java:135)
	at okhttp3.internal.connection.StreamAllocation.newStream(StreamAllocation.java:114)
	at okhttp3.internal.connection.ConnectInterceptor.intercept(ConnectInterceptor.java:42)
	at okhttp3.internal.http.RealInterceptorChain.proceed(RealInterceptorChain.java:147)
	at okhttp3.internal.http.RealInterceptorChain.proceed(RealInterceptorChain.java:121)
	at okhttp3.internal.cache.CacheInterceptor.intercept(CacheInterceptor.java:93)
	at okhttp3.internal.http.RealInterceptorChain.proceed(RealInterceptorChain.java:147)
	at okhttp3.internal.http.RealInterceptorChain.proceed(RealInterceptorChain.java:121)
	at okhttp3.internal.http.BridgeInterceptor.intercept(BridgeInterceptor.java:93)
	at okhttp3.internal.http.RealInterceptorChain.proceed(RealInterceptorChain.java:147)
	at okhttp3.internal.http.RetryAndFollowUpInterceptor.intercept(RetryAndFollowUpInterceptor.java:126)
	at okhttp3.internal.http.RealInterceptorChain.proceed(RealInterceptorChain.java:147)
	at okhttp3.internal.http.RealInterceptorChain.proceed(RealInterceptorChain.java:121)
	at okhttp3.RealCall.getResponseWithInterceptorChain(RealCall.java:200)
	at okhttp3.RealCall.execute(RealCall.java:77)
	at org.openqa.selenium.remote.internal.OkHttpClient.execute(OkHttpClient.java:103)
	at org.openqa.selenium.remote.HttpCommandExecutor.execute(HttpCommandExecutor.java:155)
	at org.openqa.selenium.remote.service.DriverCommandExecutor.execute(DriverCommandExecutor.java:83)
	... 19 more
Caused by: java.net.ConnectException: Connection refused: no further information
	at java.base/sun.nio.ch.Net.pollConnect(Native Method)
	at java.base/sun.nio.ch.Net.pollConnectNow(Net.java:660)
	at java.base/sun.nio.ch.NioSocketImpl.timedFinishConnect(NioSocketImpl.java:549)
	at java.base/sun.nio.ch.NioSocketImpl.connect(NioSocketImpl.java:597)
	at java.base/java.net.SocksSocketImpl.connect(SocksSocketImpl.java:333)
	at java.base/java.net.Socket.connect(Socket.java:648)
	at okhttp3.internal.platform.Platform.connectSocket(Platform.java:129)
	at okhttp3.internal.connection.RealConnection.connectSocket(RealConnection.java:245)
	... 39 more
... Removed 12 stack frames</div></td></tr></table><p class="totop"><a href="#summary">back to summary</a></p>
<h3 id="m7">com.AssertJ.AssertDemo#numbersTest</h3><table class="result"><tr><th class="invisible"/></tr></table><p class="totop"><a href="#summary">back to summary</a></p>
<h3 id="m8">com.AssertJ.AssertDemo#stringTest</h3><table class="result"><tr><th class="invisible"/></tr></table><p class="totop"><a href="#summary">back to summary</a></p>
<h3 id="m9">com.AssertJ.AssertJSoftAssertions#assertBDDStyleTest</h3><table class="result"><tr><th class="invisible"/></tr></table><p class="totop"><a href="#summary">back to summary</a></p>
<h3 id="m10">com.AssertJ.AssertJodaDemo#dateTimeTest</h3><table class="result"><tr><th class="invisible"/></tr></table><p class="totop"><a href="#summary">back to summary</a></p>
<h3 id="m11">com.dataprovider.latest.DataProviderDependencyInjection#test1</h3><table class="result"><tr class="param"><th>Parameter #1</th><th>Parameter #2</th></tr><tr class="param stripe"><td>shraddha</td><td>abc124</td></tr></table><p class="totop"><a href="#summary">back to summary</a></p>
<h3 id="m12">com.dataprovider.latest.DataProviderDependencyInjection#test1</h3><table class="result"><tr class="param"><th>Parameter #1</th><th>Parameter #2</th></tr><tr class="param stripe"><td>thakur</td><td>xyz123</td></tr></table><p class="totop"><a href="#summary">back to summary</a></p>
<h3 id="m13">com.dataprovider.latest.DataProviderTest#test1</h3><table class="result"><tr class="param"><th>Parameter #1</th></tr><tr class="param stripe"><td>com.dataprovider.latest.Employee@50c02155</td></tr></table><p class="totop"><a href="#summary">back to summary</a></p>
<h3 id="m14">com.dataprovider.latest.DataProviderTest#test1</h3><table class="result"><tr class="param"><th>Parameter #1</th></tr><tr class="param stripe"><td>com.dataprovider.latest.Employee@3c339ce3</td></tr></table><p class="totop"><a href="#summary">back to summary</a></p>
<h3 id="m15">com.dataprovider.latest.DataProviderTest2#test1</h3><table class="result"><tr class="param"><th>Parameter #1</th></tr><tr class="param stripe"><td>com.dataprovider.latest.Employee@4ed0ee36</td></tr></table><p class="totop"><a href="#summary">back to summary</a></p>
<h3 id="m16">com.dataprovider.latest.DataProviderTest2#test1</h3><table class="result"><tr class="param"><th>Parameter #1</th></tr><tr class="param stripe"><td>com.dataprovider.latest.Employee@3b82e593</td></tr></table><p class="totop"><a href="#summary">back to summary</a></p>
<h3 id="m17">com.dataprovider.latest.DataProviderTest2#test2</h3><table class="result"><tr class="param"><th>Parameter #1</th></tr><tr class="param stripe"><td>automation</td></tr></table><p class="totop"><a href="#summary">back to summary</a></p>
<h3 id="m18">com.dataprovider.latest.DataProviderTest2#test2</h3><table class="result"><tr class="param"><th>Parameter #1</th></tr><tr class="param stripe"><td>thakur</td></tr></table><p class="totop"><a href="#summary">back to summary</a></p>
<h3 id="m19">com.dataprovider.latest.DataProviderTest2#test2</h3><table class="result"><tr class="param"><th>Parameter #1</th></tr><tr class="param stripe"><td>shraddha</td></tr></table><p class="totop"><a href="#summary">back to summary</a></p>
<h3 id="m20">com.dataprovider.latest.DataProviderWithExcel#test</h3><table class="result"><tr class="param"><th>Parameter #1</th></tr><tr class="param stripe"><td>{fname=QA, password=123, lname=ST, username=test1}</td></tr></table><p class="totop"><a href="#summary">back to summary</a></p>
<h3 id="m21">com.dataprovider.latest.DataProviderWithExcel#test</h3><table class="result"><tr class="param"><th>Parameter #1</th></tr><tr class="param stripe"><td>{fname=shraddha, password=123456, lname=thakur, username=shraddha}</td></tr></table><p class="totop"><a href="#summary">back to summary</a></p>
<h3 id="m22">com.dataprovider.latest.DataProviderWithExcel#test</h3><table class="result"><tr class="param"><th>Parameter #1</th></tr><tr class="param stripe"><td>{fname=lkhjh, password=56445, lname=jhgu, username=test2}</td></tr></table><p class="totop"><a href="#summary">back to summary</a></p>
<h3 id="m23">com.dataprovider.latest.DataProviderWithJSON#testDPWithJson</h3><table class="result"><tr class="param"><th>Parameter #1</th></tr><tr class="param stripe"><td>{password=test@12345, url=https:/www.amazon.in, browser=firefox, username=123@gmail.com}</td></tr></table><p class="totop"><a href="#summary">back to summary</a></p>
<h3 id="m24">com.dataprovider.latest.DataProviderWithJSON#testDPWithJson</h3><table class="result"><tr class="param"><th>Parameter #1</th></tr><tr class="param stripe"><td>{password=test@123, url=https:/www.amazon.in, browser=chrome, username=456@gmail.com}</td></tr></table><p class="totop"><a href="#summary">back to summary</a></p>
<h3 id="m25">com.extentReports.ExtentReportsDemo#test</h3><table class="result"><tr><th class="invisible"/></tr></table><p class="totop"><a href="#summary">back to summary</a></p>
<h3 id="m26">com.listeners.Runner#test1</h3><table class="result"><tr><th class="invisible"/></tr></table><p class="totop"><a href="#summary">back to summary</a></p>
<h3 id="m27">com.listeners.Runner#test3</h3><table class="result"><tr><th class="invisible"/></tr></table><p class="totop"><a href="#summary">back to summary</a></p>
<h3 id="m28">com.pageFactory.Runner#test1</h3><table class="result"><tr><th class="invisible"/></tr></table><p class="totop"><a href="#summary">back to summary</a></p>
<h3 id="m29">com.tmb.tests.ExampleTest#SeleniumTest2</h3><table class="result"><tr><th class="invisible"/></tr></table><p class="totop"><a href="#summary">back to summary</a></p>
<h3 id="m30">com.tmb.tests.ExampleTest#SeleniumTest3</h3><table class="result"><tr><th class="invisible"/></tr></table><p class="totop"><a href="#summary">back to summary</a></p>
<h3 id="m31">com.tmb.tests.LoginPageTest#Test1</h3><table class="result"><tr><th class="invisible"/></tr></table><p class="totop"><a href="#summary">back to summary</a></p>
<h3 id="m32">com.tmb.tests.LoginPageTestBasic#Test1</h3><table class="result"><tr><th class="invisible"/></tr></table><p class="totop"><a href="#summary">back to summary</a></p>
</body>
</html>
